Using pre-set license
Built from '2022.3/staging' branch; Version is '2022.3.28f1 (6bae5ce6b222) revision 7056988'; Using compiler version '192829333'; Build Type 'Release'
OS: 'Windows 10  (10.0.19045) 64bit Core' Language: 'en' Physical Memory: 16101 MB
BatchMode: 1, IsHumanControllingUs: 0, StartBugReporterOnCrash: 0, Is64bit: 1, IsPro: 1

COMMAND LINE ARGUMENTS:
C:\Program Files\Unity\Hub\Editor\2022.3.28f1\Editor\Unity.exe
-adb2
-batchMode
-noUpm
-name
AssetImportWorker0
-projectPath
C:/Users/erika/Dungeon Crawler
-logFile
Logs/AssetImportWorker0.log
-srvPort
54456
Successfully changed project path to: C:/Users/erika/Dungeon Crawler
C:/Users/erika/Dungeon Crawler
[UnityMemory] Configuration Parameters - Can be set up in boot.config
    "memorysetup-bucket-allocator-granularity=16"
    "memorysetup-bucket-allocator-bucket-count=8"
    "memorysetup-bucket-allocator-block-size=33554432"
    "memorysetup-bucket-allocator-block-count=8"
    "memorysetup-main-allocator-block-size=16777216"
    "memorysetup-thread-allocator-block-size=16777216"
    "memorysetup-gfx-main-allocator-block-size=16777216"
    "memorysetup-gfx-thread-allocator-block-size=16777216"
    "memorysetup-cache-allocator-block-size=4194304"
    "memorysetup-typetree-allocator-block-size=2097152"
    "memorysetup-profiler-bucket-allocator-granularity=16"
    "memorysetup-profiler-bucket-allocator-bucket-count=8"
    "memorysetup-profiler-bucket-allocator-block-size=33554432"
    "memorysetup-profiler-bucket-allocator-block-count=8"
    "memorysetup-profiler-allocator-block-size=16777216"
    "memorysetup-profiler-editor-allocator-block-size=1048576"
    "memorysetup-temp-allocator-size-main=16777216"
    "memorysetup-job-temp-allocator-block-size=2097152"
    "memorysetup-job-temp-allocator-block-size-background=1048576"
    "memorysetup-job-temp-allocator-reduction-small-platforms=262144"
    "memorysetup-allocator-temp-initial-block-size-main=262144"
    "memorysetup-allocator-temp-initial-block-size-worker=262144"
    "memorysetup-temp-allocator-size-background-worker=32768"
    "memorysetup-temp-allocator-size-job-worker=262144"
    "memorysetup-temp-allocator-size-preload-manager=33554432"
    "memorysetup-temp-allocator-size-nav-mesh-worker=65536"
    "memorysetup-temp-allocator-size-audio-worker=65536"
    "memorysetup-temp-allocator-size-cloud-worker=32768"
    "memorysetup-temp-allocator-size-gi-baking-worker=262144"
    "memorysetup-temp-allocator-size-gfx=262144"
Player connection [24564] Host "[IP] 192.168.50.204 [Port] 0 [Flags] 2 [Guid] 325693698 [EditorId] 325693698 [Version] 1048832 [Id] WindowsEditor(7,DESKTOP-UHN53CI) [Debug] 1 [PackageName] WindowsEditor [ProjectName] Editor" joined multi-casting on [225.0.0.222:54997]...

Player connection [24564] Host "[IP] 192.168.50.204 [Port] 0 [Flags] 2 [Guid] 325693698 [EditorId] 325693698 [Version] 1048832 [Id] WindowsEditor(7,DESKTOP-UHN53CI) [Debug] 1 [PackageName] WindowsEditor [ProjectName] Editor" joined alternative multi-casting on [225.0.0.222:34997]...

[Physics::Module] Initialized MultithreadedJobDispatcher with 11 workers.
Refreshing native plugins compatible for Editor in 7.87 ms, found 3 plugins.
Preloading 0 native plugins for Editor in 0.00 ms.
Initialize engine version: 2022.3.28f1 (6bae5ce6b222)
[Subsystems] Discovering subsystems at path C:/Program Files/Unity/Hub/Editor/2022.3.28f1/Editor/Data/Resources/UnitySubsystems
[Subsystems] Discovering subsystems at path C:/Users/erika/Dungeon Crawler/Assets
GfxDevice: creating device client; threaded=0; jobified=0
Direct3D:
    Version:  Direct3D 11.0 [level 11.1]
    Renderer: NVIDIA GeForce GTX 1660 SUPER (ID=0x21c4)
    Vendor:   NVIDIA
    VRAM:     5966 MB
    Driver:   31.0.15.5161
Initialize mono
Mono path[0] = 'C:/Program Files/Unity/Hub/Editor/2022.3.28f1/Editor/Data/Managed'
Mono path[1] = 'C:/Program Files/Unity/Hub/Editor/2022.3.28f1/Editor/Data/MonoBleedingEdge/lib/mono/unityjit-win32'
Mono config path = 'C:/Program Files/Unity/Hub/Editor/2022.3.28f1/Editor/Data/MonoBleedingEdge/etc'
Using monoOptions --debugger-agent=transport=dt_socket,embedding=1,server=y,suspend=n,address=127.0.0.1:56120
Begin MonoManager ReloadAssembly
Registering precompiled unity dll's ...
Register platform support module: C:/Program Files/Unity/Hub/Editor/2022.3.28f1/Editor/Data/PlaybackEngines/WebGLSupport/UnityEditor.WebGL.Extensions.dll
Register platform support module: C:/Program Files/Unity/Hub/Editor/2022.3.28f1/Editor/Data/PlaybackEngines/WindowsStandaloneSupport/UnityEditor.WindowsStandalone.Extensions.dll
Registered in 0.010904 seconds.
- Loaded All Assemblies, in  0.312 seconds
Native extension for WindowsStandalone target not found
Native extension for WebGL target not found
Mono: successfully reloaded assembly
- Finished resetting the current domain, in  0.239 seconds
Domain Reload Profiling: 548ms
	BeginReloadAssembly (90ms)
		ExecutionOrderSort (0ms)
		DisableScriptedObjects (0ms)
		BackupInstance (0ms)
		ReleaseScriptingObjects (0ms)
		CreateAndSetChildDomain (1ms)
	RebuildCommonClasses (28ms)
	RebuildNativeTypeToScriptingClass (9ms)
	initialDomainReloadingComplete (58ms)
	LoadAllAssembliesAndSetupDomain (124ms)
		LoadAssemblies (89ms)
		RebuildTransferFunctionScriptingTraits (0ms)
		AnalyzeDomain (123ms)
			TypeCache.Refresh (121ms)
				TypeCache.ScanAssembly (105ms)
			ScanForSourceGeneratedMonoScriptInfo (0ms)
			ResolveRequiredComponents (0ms)
	FinalizeReload (239ms)
		ReleaseScriptCaches (0ms)
		RebuildScriptCaches (0ms)
		SetupLoadedEditorAssemblies (188ms)
			LogAssemblyErrors (0ms)
			InitializePlatformSupportModulesInManaged (9ms)
			SetLoadedEditorAssemblies (4ms)
			RefreshPlugins (0ms)
			BeforeProcessingInitializeOnLoad (2ms)
			ProcessInitializeOnLoadAttributes (128ms)
			ProcessInitializeOnLoadMethodAttributes (44ms)
			AfterProcessingInitializeOnLoad (0ms)
			EditorAssembliesLoaded (0ms)
		ExecutionOrderSort2 (0ms)
		AwakeInstancesAfterBackupRestoration (0ms)
========================================================================
Worker process is ready to serve import requests
Begin MonoManager ReloadAssembly
- Loaded All Assemblies, in  0.582 seconds
Refreshing native plugins compatible for Editor in 3.53 ms, found 3 plugins.
Native extension for WindowsStandalone target not found
Native extension for WebGL target not found
Package Manager log level set to [2]
[Package Manager] Server::EnsureServerProcessIsRunning -- launch failed, reason: Unity was launched with the -noUpm command-line argument
[Package Manager] UpmClient::Send -- Unable to send message (not connected to UPM process).
[Package Manager] Cannot connect to Unity Package Manager local server
Mono: successfully reloaded assembly
- Finished resetting the current domain, in  0.533 seconds
Domain Reload Profiling: 1113ms
	BeginReloadAssembly (134ms)
		ExecutionOrderSort (0ms)
		DisableScriptedObjects (5ms)
		BackupInstance (0ms)
		ReleaseScriptingObjects (0ms)
		CreateAndSetChildDomain (22ms)
	RebuildCommonClasses (34ms)
	RebuildNativeTypeToScriptingClass (11ms)
	initialDomainReloadingComplete (40ms)
	LoadAllAssembliesAndSetupDomain (360ms)
		LoadAssemblies (272ms)
		RebuildTransferFunctionScriptingTraits (0ms)
		AnalyzeDomain (167ms)
			TypeCache.Refresh (149ms)
				TypeCache.ScanAssembly (136ms)
			ScanForSourceGeneratedMonoScriptInfo (14ms)
			ResolveRequiredComponents (4ms)
	FinalizeReload (534ms)
		ReleaseScriptCaches (0ms)
		RebuildScriptCaches (0ms)
		SetupLoadedEditorAssemblies (400ms)
			LogAssemblyErrors (0ms)
			InitializePlatformSupportModulesInManaged (9ms)
			SetLoadedEditorAssemblies (4ms)
			RefreshPlugins (0ms)
			BeforeProcessingInitializeOnLoad (60ms)
			ProcessInitializeOnLoadAttributes (299ms)
			ProcessInitializeOnLoadMethodAttributes (20ms)
			AfterProcessingInitializeOnLoad (8ms)
			EditorAssembliesLoaded (0ms)
		ExecutionOrderSort2 (0ms)
		AwakeInstancesAfterBackupRestoration (6ms)
Launched and connected shader compiler UnityShaderCompiler.exe after 0.03 seconds
Refreshing native plugins compatible for Editor in 4.48 ms, found 3 plugins.
Preloading 0 native plugins for Editor in 0.00 ms.
Unloading 3094 Unused Serialized files (Serialized files now loaded: 0)
Unloading 33 unused Assets / (57.6 KB). Loaded Objects now: 3554.
Memory consumption went from 128.0 MB to 127.9 MB.
Total: 2.374200 ms (FindLiveObjects: 0.186000 ms CreateObjectMapping: 0.087100 ms MarkObjects: 2.010300 ms  DeleteObjects: 0.090000 ms)

AssetImportParameters requested are different than current active one (requested -> active):
  custom:container-demuxer-ogg: 62fdf1f143b41e24485cea50d1cbac27 -> 
  custom:video-codec-MediaFoundation-h265: 746d11721c4dcdbdad8f713fa42b33f4 -> 
  custom:video-decoder-ogg-theora: a1e56fd34408186e4bbccfd4996cb3dc -> 
  custom:framework-win-MediaFoundation: 216162199b28c13a410421893ffa2e32 -> 
  custom:CustomObjectIndexerAttribute: 9a22284fe3817be447336de3de66b15e -> 
  custom:container-demuxer-webm: 4f35f7cbe854078d1ac9338744f61a02 -> 
  custom:container-muxer-webm: aa71ff27fc2769a1b78a27578f13a17b -> 
  custom:video-decoder-webm-vp8: 9c59270c3fd7afecdb556c50c9e8de78 -> 
  custom:SearchIndexIgnoredProperties: e643bd26f0fe6173181afceb89e7c659 -> 
  custom:AudioImporter_EditorPlatform: d09bf68614088b80899f8185d706f6e7 -> 
  custom:video-encoder-webm-vp8: eb34c28f22e8b96e1ab97ce403110664 -> 
  custom:audio-decoder-ogg-vorbis: bf7c407c2cedff20999df2af8eb42d56 -> 
  custom:audio-encoder-webm-vorbis: bf7c407c2cedff20999df2af8eb42d56 -> 
========================================================================
Received Import Request.
  Time since last request: 182504.622706 seconds.
  path: Assets/Prefab/DecoHallway.prefab
  artifactKey: Guid(2044b38f92334114b95716682b281e87) Importer(815301076,1909f56bfc062723c751e8b465ee728b)
Start importing Assets/Prefab/DecoHallway.prefab using Guid(2044b38f92334114b95716682b281e87) Importer(815301076,1909f56bfc062723c751e8b465ee728b)  -> (artifact id: '013f77b0b1de4efb47a8fd5d6637f85f') in 0.096577 seconds
Number of updated asset objects reloaded before import = 0
Number of asset objects unloaded after import = 82
========================================================================
Received Import Request.
  Time since last request: 298.932309 seconds.
  path: Assets/Prefab/DecoHallway2.prefab
  artifactKey: Guid(b7e3201546fbd7a41a3eced419ea0cca) Importer(815301076,1909f56bfc062723c751e8b465ee728b)
Start importing Assets/Prefab/DecoHallway2.prefab using Guid(b7e3201546fbd7a41a3eced419ea0cca) Importer(815301076,1909f56bfc062723c751e8b465ee728b)  -> (artifact id: 'dce3c2712c742f4299d3b45760124f64') in 0.013969 seconds
Number of updated asset objects reloaded before import = 0
Number of asset objects unloaded after import = 75
========================================================================
Received Import Request.
  Time since last request: 9442.743454 seconds.
  path: Assets/Prefab/Deco 1.prefab
  artifactKey: Guid(5c655dabb56503946bc1a46ea8e751b9) Importer(815301076,1909f56bfc062723c751e8b465ee728b)
Start importing Assets/Prefab/Deco 1.prefab using Guid(5c655dabb56503946bc1a46ea8e751b9) Importer(815301076,1909f56bfc062723c751e8b465ee728b)  -> (artifact id: '499b575b14d3c962ad69784d97817d75') in 0.099319 seconds
Number of updated asset objects reloaded before import = 0
Number of asset objects unloaded after import = 286
========================================================================
Received Import Request.
  Time since last request: 1243.767380 seconds.
  path: Assets/Prefab/DecoRoom.prefab
  artifactKey: Guid(aeecfb626310c754d9eed3c096620033) Importer(815301076,1909f56bfc062723c751e8b465ee728b)
Start importing Assets/Prefab/DecoRoom.prefab using Guid(aeecfb626310c754d9eed3c096620033) Importer(815301076,1909f56bfc062723c751e8b465ee728b)  -> (artifact id: '55519e52bc4fc198b441d9c191cda081') in 0.058159 seconds
Number of updated asset objects reloaded before import = 0
Number of asset objects unloaded after import = 339
========================================================================
Received Import Request.
  Time since last request: 866.380315 seconds.
  path: Assets/Prefab/TableDeco.prefab
  artifactKey: Guid(78080f346736db34bbee8ca6a680af1c) Importer(815301076,1909f56bfc062723c751e8b465ee728b)
Start importing Assets/Prefab/TableDeco.prefab using Guid(78080f346736db34bbee8ca6a680af1c) Importer(815301076,1909f56bfc062723c751e8b465ee728b)  -> (artifact id: '2e8f48b60fc37d93070acc2c213a2eb6') in 0.034461 seconds
Number of updated asset objects reloaded before import = 0
Number of asset objects unloaded after import = 254
========================================================================
Received Import Request.
  Time since last request: 752.115205 seconds.
  path: Assets/Material/Lava.mat
  artifactKey: Guid(b5987ee0135325941a503f973b3db69e) Importer(815301076,1909f56bfc062723c751e8b465ee728b)
Start importing Assets/Material/Lava.mat using Guid(b5987ee0135325941a503f973b3db69e) Importer(815301076,1909f56bfc062723c751e8b465ee728b)  -> (artifact id: '0c22b301a02f08057235fb9b7d971f4c') in 0.034787 seconds
Number of updated asset objects reloaded before import = 0
Number of asset objects unloaded after import = 1
========================================================================
Received Import Request.
  Time since last request: 6.356013 seconds.
  path: Assets/Prefab/DecoRoom 1.prefab
  artifactKey: Guid(51a5279de278dd94997d686063f6c247) Importer(815301076,1909f56bfc062723c751e8b465ee728b)
Start importing Assets/Prefab/DecoRoom 1.prefab using Guid(51a5279de278dd94997d686063f6c247) Importer(815301076,1909f56bfc062723c751e8b465ee728b)  -> (artifact id: '422b439ceb04ca2bbbd1b54337d8f586') in 0.017573 seconds
Number of updated asset objects reloaded before import = 0
Number of asset objects unloaded after import = 318
========================================================================
Received Import Request.
  Time since last request: 185.403199 seconds.
  path: Assets/Prefab/DecoRoom 1 1.prefab
  artifactKey: Guid(d73df889061edad4da9aa45a6fbe5eaf) Importer(815301076,1909f56bfc062723c751e8b465ee728b)
Start importing Assets/Prefab/DecoRoom 1 1.prefab using Guid(d73df889061edad4da9aa45a6fbe5eaf) Importer(815301076,1909f56bfc062723c751e8b465ee728b)  -> (artifact id: '7010182596e9663cf291d8d6699f5ca0') in 0.020435 seconds
Number of updated asset objects reloaded before import = 0
Number of asset objects unloaded after import = 384
========================================================================
Received Import Request.
  Time since last request: 18.024384 seconds.
  path: Assets/Prefab/DecoRoom 2.prefab
  artifactKey: Guid(d73df889061edad4da9aa45a6fbe5eaf) Importer(815301076,1909f56bfc062723c751e8b465ee728b)
Start importing Assets/Prefab/DecoRoom 2.prefab using Guid(d73df889061edad4da9aa45a6fbe5eaf) Importer(815301076,1909f56bfc062723c751e8b465ee728b)  -> (artifact id: 'e594040628bfb190c1a8bec149ba41d1') in 0.016025 seconds
Number of updated asset objects reloaded before import = 0
Number of asset objects unloaded after import = 384
========================================================================
Received Import Request.
  Time since last request: 519.451936 seconds.
  path: Assets/Prefab/Dungeon.prefab
  artifactKey: Guid(462cc11d3da2a544b9b6c07e0e94d97b) Importer(815301076,1909f56bfc062723c751e8b465ee728b)
Start importing Assets/Prefab/Dungeon.prefab using Guid(462cc11d3da2a544b9b6c07e0e94d97b) Importer(815301076,1909f56bfc062723c751e8b465ee728b)  -> (artifact id: 'e10d3b581fa9ab05d21b68f4bc1f7443') in 0.275362 seconds
Number of updated asset objects reloaded before import = 0
Number of asset objects unloaded after import = 14281
